-------------------------------------------------------------------------------
Test set: com.tutorial4.CalcTest
-------------------------------------------------------------------------------
Tests run: 2, Failures: 1, Errors: 0, Skipped: 0, Time elapsed: 0.094 s <<< FAILURE! - in com.tutorial4.CalcTest
com.tutorial4.CalcTest.testSubtraction  Time elapsed: 0.006 s  <<< FAILURE!
org.opentest4j.AssertionFailedError: expected: <0> but was: <4>
	at com.tutorial4.CalcTest.testSubtraction(CalcTest.java:15)

