-------------------------------------------------------------------------------
Test set: com.tutorial4.CalcTest
-------------------------------------------------------------------------------
Tests run: 2, Failures: 1, Errors: 0, Skipped: 0, Time elapsed: 0.103 s <<< FAILURE! - in com.tutorial4.CalcTest
com.tutorial4.CalcTest.testSubstraction  Time elapsed: 0.009 s  <<< FAILURE!
org.opentest4j.AssertionFailedError: expected: <0> but was: <4>
	at com.tutorial4.CalcTest.testSubstraction(CalcTest.java:15)

